#! 
:ivl_version "13.0 (devel)" "(s20221226-513-gef7f0a8f3-dirty)";
:ivl_delay_selection "TYPICAL";
:vpi_time_precision - 9;
:vpi_module "C:\Users\breeb\OneDrive\DOCUME~1\oss-cad-suite\lib\ivl\system.vpi";
:vpi_module "C:\Users\breeb\OneDrive\DOCUME~1\oss-cad-suite\lib\ivl\vhdl_sys.vpi";
:vpi_module "C:\Users\breeb\OneDrive\DOCUME~1\oss-cad-suite\lib\ivl\vhdl_textio.vpi";
:vpi_module "C:\Users\breeb\OneDrive\DOCUME~1\oss-cad-suite\lib\ivl\v2005_math.vpi";
:vpi_module "C:\Users\breeb\OneDrive\DOCUME~1\oss-cad-suite\lib\ivl\va_math.vpi";
:vpi_module "C:\Users\breeb\OneDrive\DOCUME~1\oss-cad-suite\lib\ivl\v2009.vpi";
S_0000022b43e89b20 .scope package, "$unit" "$unit" 2 1;
 .timescale 0 0;
S_0000022b43e4b3e0 .scope module, "counter_enable_test" "counter_enable_test" 3 3;
 .timescale -9 -9;
v0000022b43e47600_0 .var "clk", 0 0;
v0000022b43e89cb0_0 .net "count", 7 0, v0000022b43e47920_0;  1 drivers
v0000022b43e4da80_0 .var "reset", 0 0;
E_0000022b43e4b0a0 .event negedge, v0000022b43e88ef0_0;
S_0000022b43e4b570 .scope module, "dut" "counter" 3 11, 4 1 0, S_0000022b43e4b3e0;
 .timescale 0 0;
    .port_info 0 /INPUT 1 "clk";
    .port_info 1 /INPUT 1 "reset";
    .port_info 2 /OUTPUT 8 "count";
v0000022b43e88ef0_0 .net "clk", 0 0, v0000022b43e47600_0;  1 drivers
v0000022b43e47920_0 .var "count", 7 0;
v0000022b43e89890_0 .net "reset", 0 0, v0000022b43e4da80_0;  1 drivers
E_0000022b43e4af20 .event posedge, v0000022b43e88ef0_0;
    .scope S_0000022b43e4b570;
T_0 ;
    %wait E_0000022b43e4af20;
    %load/vec4 v0000022b43e89890_0;
    %pad/u 32;
    %cmpi/e 1, 0, 32;
    %jmp/0xz  T_0.0, 4;
    %pushi/vec4 0, 0, 8;
    %assign/vec4 v0000022b43e47920_0, 0;
    %jmp T_0.1;
T_0.0 ;
    %load/vec4 v0000022b43e47920_0;
    %addi 1, 0, 8;
    %assign/vec4 v0000022b43e47920_0, 0;
T_0.1 ;
    %jmp T_0;
    .thread T_0;
    .scope S_0000022b43e4b3e0;
T_1 ;
    %pushi/vec4 0, 0, 1;
    %store/vec4 v0000022b43e47600_0, 0, 1;
    %end;
    .thread T_1, $init;
    .scope S_0000022b43e4b3e0;
T_2 ;
    %delay 5, 0;
    %load/vec4 v0000022b43e47600_0;
    %inv;
    %store/vec4 v0000022b43e47600_0, 0, 1;
    %jmp T_2;
    .thread T_2;
    .scope S_0000022b43e4b3e0;
T_3 ;
    %vpi_call/w 3 21 "$dumpfile", "counter.vcd" {0 0 0};
    %vpi_call/w 3 22 "$dumpvars", 32'sb00000000000000000000000000000000, S_0000022b43e4b570 {0 0 0};
    %vpi_call/w 3 25 "$display", "Beginning of counter test..." {0 0 0};
    %vpi_call/w 3 27 "$display", "(reset asserted)" {0 0 0};
    %pushi/vec4 1, 0, 1;
    %store/vec4 v0000022b43e4da80_0, 0, 1;
    %delay 27, 0;
    %load/vec4 v0000022b43e89cb0_0;
    %pad/u 32;
    %cmpi/e 0, 0, 32;
    %jmp/0xz  T_3.0, 4;
    %jmp T_3.1;
T_3.0 ;
    %vpi_call/w 3 32 "$error", "Counter not reset: expected 0 but got %d !", v0000022b43e89cb0_0 {0 0 0};
T_3.1 ;
    %vpi_call/w 3 34 "$display", "(reset released)" {0 0 0};
    %pushi/vec4 0, 0, 1;
    %store/vec4 v0000022b43e4da80_0, 0, 1;
    %wait E_0000022b43e4af20;
    %wait E_0000022b43e4b0a0;
    %load/vec4 v0000022b43e89cb0_0;
    %pad/u 32;
    %cmpi/e 1, 0, 32;
    %jmp/0xz  T_3.2, 4;
    %jmp T_3.3;
T_3.2 ;
    %vpi_call/w 3 41 "$error", "Counter did not increment: expected 1 but got %d !", v0000022b43e89cb0_0 {0 0 0};
T_3.3 ;
    %delay 1000, 0;
    %vpi_call/w 3 47 "$display", "Test complete!" {0 0 0};
    %vpi_call/w 3 48 "$finish" {0 0 0};
    %end;
    .thread T_3;
# The file index is used to find the file name in the following table.
:file_names 5;
    "N/A";
    "<interactive>";
    "-";
    "counter_test.sv";
    "counter.sv";
