#! 
:ivl_version "13.0 (devel)" "(s20221226-513-gef7f0a8f3-dirty)";
:ivl_delay_selection "TYPICAL";
:vpi_time_precision - 12;
:vpi_module "C:\Users\breeb\OneDrive\DOCUME~1\oss-cad-suite\lib\ivl\system.vpi";
:vpi_module "C:\Users\breeb\OneDrive\DOCUME~1\oss-cad-suite\lib\ivl\vhdl_sys.vpi";
:vpi_module "C:\Users\breeb\OneDrive\DOCUME~1\oss-cad-suite\lib\ivl\vhdl_textio.vpi";
:vpi_module "C:\Users\breeb\OneDrive\DOCUME~1\oss-cad-suite\lib\ivl\v2005_math.vpi";
:vpi_module "C:\Users\breeb\OneDrive\DOCUME~1\oss-cad-suite\lib\ivl\va_math.vpi";
:vpi_module "C:\Users\breeb\OneDrive\DOCUME~1\oss-cad-suite\lib\ivl\v2009.vpi";
S_000001f6f94dd4f0 .scope package, "$unit" "$unit" 2 1;
 .timescale 0 0;
S_000001f6f92c72b0 .scope module, "tb_immextend" "tb_immextend" 3 3;
 .timescale -9 -12;
v000001f6f94dba20_0 .net "imm32", 31 0, v000001f6f94db660_0;  1 drivers
v000001f6f94dc060_0 .var "instr", 31 0;
S_000001f6f92c7440 .scope task, "check_imm" "check_imm" 3 82, 3 82 0, S_000001f6f92c72b0;
 .timescale -9 -12;
v000001f6f94dbb60_0 .var "expected_imm", 31 0;
TD_tb_immextend.check_imm ;
    %load/vec4 v000001f6f94dba20_0;
    %load/vec4 v000001f6f94dbb60_0;
    %cmp/ne;
    %jmp/0xz  T_0.0, 6;
    %vpi_call/w 3 86 "$display", "Error: For instr %h, expected imm = %h, got imm = %h", v000001f6f94dc060_0, v000001f6f94dbb60_0, v000001f6f94dba20_0 {0 0 0};
    %jmp T_0.1;
T_0.0 ;
    %vpi_call/w 3 88 "$display", "Pass: For instr %h, imm = %h", v000001f6f94dc060_0, v000001f6f94dba20_0 {0 0 0};
T_0.1 ;
    %end;
S_000001f6f92c75d0 .scope module, "uut" "immextend" 3 12, 4 1 0, S_000001f6f92c72b0;
 .timescale 0 0;
    .port_info 0 /INPUT 32 "instr";
    .port_info 1 /OUTPUT 32 "imm32";
P_000001f6f94da970 .param/l "OPCODE_I_TYPE" 1 4 5, C4<0010011>;
v000001f6f94db980_0 .net *"_ivl_1", 0 0, L_000001f6f94dbc00;  1 drivers
v000001f6f94dbde0_0 .net *"_ivl_3", 19 0, L_000001f6f94dbd40;  1 drivers
v000001f6f94dbf20_0 .net *"_ivl_5", 11 0, L_000001f6f94dc100;  1 drivers
v000001f6f94db660_0 .var "imm32", 31 0;
v000001f6f94dbca0_0 .net "imm_I_type", 31 0, L_000001f6f94dc420;  1 drivers
v000001f6f94dbfc0_0 .net "instr", 31 0, v000001f6f94dc060_0;  1 drivers
v000001f6f94dbac0_0 .var "is_I_type", 0 0;
E_000001f6f94dac70 .event anyedge, v000001f6f94dbac0_0, v000001f6f94dbca0_0;
E_000001f6f94db1f0 .event anyedge, v000001f6f94dbfc0_0;
L_000001f6f94dbc00 .part v000001f6f94dc060_0, 31, 1;
L_000001f6f94dbd40 .repeat 20, 20, L_000001f6f94dbc00;
L_000001f6f94dc100 .part v000001f6f94dc060_0, 20, 12;
L_000001f6f94dc420 .concat [ 12 20 0 0], L_000001f6f94dc100, L_000001f6f94dbd40;
    .scope S_000001f6f92c75d0;
T_1 ;
Ewait_0 .event/or E_000001f6f94db1f0, E_0x0;
    %wait Ewait_0;
    %load/vec4 v000001f6f94dbfc0_0;
    %parti/s 7, 0, 2;
    %pushi/vec4 19, 0, 7;
    %cmp/e;
    %flag_get/vec4 4;
    %store/vec4 v000001f6f94dbac0_0, 0, 1;
    %jmp T_1;
    .thread T_1, $push;
    .scope S_000001f6f92c75d0;
T_2 ;
Ewait_1 .event/or E_000001f6f94dac70, E_0x0;
    %wait Ewait_1;
    %load/vec4 v000001f6f94dbac0_0;
    %flag_set/vec4 8;
    %jmp/0xz  T_2.0, 8;
    %load/vec4 v000001f6f94dbca0_0;
    %store/vec4 v000001f6f94db660_0, 0, 32;
    %jmp T_2.1;
T_2.0 ;
    %pushi/vec4 0, 0, 32;
    %store/vec4 v000001f6f94db660_0, 0, 32;
T_2.1 ;
    %jmp T_2;
    .thread T_2, $push;
    .scope S_000001f6f92c72b0;
T_3 ;
    %pushi/vec4 0, 0, 32;
    %store/vec4 v000001f6f94dc060_0, 0, 32;
    %delay 100000, 0;
    %vpi_call/w 3 26 "$display", "Testing ALU Immediates" {0 0 0};
    %pushi/vec4 1048595, 0, 32;
    %store/vec4 v000001f6f94dc060_0, 0, 32;
    %delay 10000, 0;
    %pushi/vec4 1, 0, 32;
    %store/vec4 v000001f6f94dbb60_0, 0, 32;
    %fork TD_tb_immextend.check_imm, S_000001f6f92c7440;
    %join;
    %pushi/vec4 2097171, 0, 32;
    %store/vec4 v000001f6f94dc060_0, 0, 32;
    %delay 10000, 0;
    %pushi/vec4 2, 0, 32;
    %store/vec4 v000001f6f94dbb60_0, 0, 32;
    %fork TD_tb_immextend.check_imm, S_000001f6f92c7440;
    %join;
    %pushi/vec4 4194323, 0, 32;
    %store/vec4 v000001f6f94dc060_0, 0, 32;
    %delay 10000, 0;
    %pushi/vec4 4, 0, 32;
    %store/vec4 v000001f6f94dbb60_0, 0, 32;
    %fork TD_tb_immextend.check_imm, S_000001f6f92c7440;
    %join;
    %pushi/vec4 8388627, 0, 32;
    %store/vec4 v000001f6f94dc060_0, 0, 32;
    %delay 10000, 0;
    %pushi/vec4 8, 0, 32;
    %store/vec4 v000001f6f94dbb60_0, 0, 32;
    %fork TD_tb_immextend.check_imm, S_000001f6f92c7440;
    %join;
    %pushi/vec4 16777235, 0, 32;
    %store/vec4 v000001f6f94dc060_0, 0, 32;
    %delay 10000, 0;
    %pushi/vec4 16, 0, 32;
    %store/vec4 v000001f6f94dbb60_0, 0, 32;
    %fork TD_tb_immextend.check_imm, S_000001f6f92c7440;
    %join;
    %pushi/vec4 104857619, 0, 32;
    %store/vec4 v000001f6f94dc060_0, 0, 32;
    %delay 10000, 0;
    %pushi/vec4 100, 0, 32;
    %store/vec4 v000001f6f94dbb60_0, 0, 32;
    %fork TD_tb_immextend.check_imm, S_000001f6f92c7440;
    %join;
    %pushi/vec4 1515192339, 0, 32;
    %store/vec4 v000001f6f94dc060_0, 0, 32;
    %delay 10000, 0;
    %pushi/vec4 1445, 0, 32;
    %store/vec4 v000001f6f94dbb60_0, 0, 32;
    %fork TD_tb_immextend.check_imm, S_000001f6f92c7440;
    %join;
    %pushi/vec4 2146435091, 0, 32;
    %store/vec4 v000001f6f94dc060_0, 0, 32;
    %delay 10000, 0;
    %pushi/vec4 2047, 0, 32;
    %store/vec4 v000001f6f94dbb60_0, 0, 32;
    %fork TD_tb_immextend.check_imm, S_000001f6f92c7440;
    %join;
    %pushi/vec4 2147483667, 0, 32;
    %store/vec4 v000001f6f94dc060_0, 0, 32;
    %delay 10000, 0;
    %pushi/vec4 4294965248, 0, 32;
    %store/vec4 v000001f6f94dbb60_0, 0, 32;
    %fork TD_tb_immextend.check_imm, S_000001f6f92c7440;
    %join;
    %pushi/vec4 4293918739, 0, 32;
    %store/vec4 v000001f6f94dc060_0, 0, 32;
    %delay 10000, 0;
    %pushi/vec4 4294967295, 0, 32;
    %store/vec4 v000001f6f94dbb60_0, 0, 32;
    %fork TD_tb_immextend.check_imm, S_000001f6f92c7440;
    %join;
    %vpi_call/w 3 78 "$display", "Testing Complete" {0 0 0};
    %end;
    .thread T_3;
# The file index is used to find the file name in the following table.
:file_names 5;
    "N/A";
    "<interactive>";
    "-";
    "immextend_test.sv";
    "immextend.sv";
